<?xml version="1.0" encoding="UTF-8"?>
<!-- Generated by org.testng.reporters.JUnitXMLReporter -->
<testsuite hostname="2112-6F1X9G3" ignored="2" name="Test1" tests="2" failures="0" timestamp="2022-05-24T06:46:44 MESZ" time="20.609" errors="0">
  <testcase name="provideLoggedInApplicationInstance" time="12.607" classname="piTestFramework.LoginPage"/>
  <testcase name="testWebMapFilterOptions" time="5.409" classname="piSoftwares.peak.modulewise.WebMapPage"/>
  <testcase name="@AfterSuite closeSession" time="0.0" classname="piTestFramework.PageBase">
    <ignored/>
  </testcase> <!-- @AfterSuite closeSession -->
  <testcase name="@BeforeTest createSession" time="0.0" classname="piTestFramework.PageBase">
    <ignored/>
  </testcase> <!-- @BeforeTest createSession -->
</testsuite> <!-- Test1 -->
