<?xml version="1.0" encoding="UTF-8"?>
<!-- Generated by org.testng.reporters.JUnitXMLReporter -->
<testsuite hostname="2112-6F1X9G3" ignored="2" name="Test" tests="2" failures="0" timestamp="2022-05-23T17:31:26 MESZ" time="18.106" errors="0">
  <testcase name="provideLoggedInApplicationInstance" time="12.618" classname="piTestFramework.LoginPage"/>
  <testcase name="testWebMapFilterOptions" time="5.438" classname="piSoftwares.peak.modulewise.WebMapPage"/>
  <testcase name="@AfterSuite closeSession" time="0.0" classname="piTestFramework.PageBase">
    <ignored/>
  </testcase> <!-- @AfterSuite closeSession -->
  <testcase name="@BeforeSuite createSession" time="0.0" classname="piTestFramework.PageBase">
    <ignored/>
  </testcase> <!-- @BeforeSuite createSession -->
</testsuite> <!-- Test -->
